-------------------------------------------------------------------------------
Test set: tests.telecomunications.positive.MobilePhoneReplenishmentPositiveTest
-------------------------------------------------------------------------------
Tests run: 2, Failures: 1, Errors: 0, Skipped: 0, Time elapsed: 8.907 s <<< FAILURE! - in tests.telecomunications.positive.MobilePhoneReplenishmentPositiveTest
checkMinimumReplenishmentAmount  Time elapsed: 5.818 s  <<< FAILURE!
org.opentest4j.AssertionFailedError: expected: <1Mobile payment. Phone number +380686979712> but was: <Mobile payment. Phone number +380686979712>
	at tests.telecomunications.positive.MobilePhoneReplenishmentPositiveTest.checkMinimumReplenishmentAmount(MobilePhoneReplenishmentPositiveTest.java:29)

